c:\users\max\documents\college\4 fall quarter 2011\ece 114\generic rpg\generic rpg\debug\vc100.pdb
c:\users\max\documents\college\4 fall quarter 2011\ece 114\generic rpg\generic rpg\debug\main.obj
c:\users\max\documents\college\4 fall quarter 2011\ece 114\generic rpg\generic rpg\debug\battle.obj
c:\users\max\documents\college\4 fall quarter 2011\ece 114\generic rpg\generic rpg\debug\create enemy.obj
c:\users\max\documents\college\4 fall quarter 2011\ece 114\generic rpg\generic rpg\debug\error text.obj
c:\users\max\documents\college\4 fall quarter 2011\ece 114\generic rpg\generic rpg\debug\inventory.obj
c:\users\max\documents\college\4 fall quarter 2011\ece 114\generic rpg\generic rpg\debug\beingclass.obj
c:\users\max\documents\college\4 fall quarter 2011\ece 114\generic rpg\generic rpg\debug\useitem.obj
c:\users\max\documents\college\4 fall quarter 2011\ece 114\generic rpg\generic rpg\debug\healer.obj
c:\users\max\documents\college\4 fall quarter 2011\ece 114\generic rpg\generic rpg\debug\gotohealer.obj
c:\users\max\documents\college\4 fall quarter 2011\ece 114\generic rpg\generic rpg\debug\weapon.obj
c:\users\max\documents\college\4 fall quarter 2011\ece 114\generic rpg\debug\generic rpg.ilk
c:\users\max\documents\college\4 fall quarter 2011\ece 114\generic rpg\debug\generic rpg.exe
c:\users\max\documents\college\4 fall quarter 2011\ece 114\generic rpg\generic rpg\debug\generic rpg.exe.intermediate.manifest
c:\users\max\documents\college\4 fall quarter 2011\ece 114\generic rpg\debug\generic rpg.pdb
c:\users\max\documents\college\4 fall quarter 2011\ece 114\generic rpg\generic rpg\debug\generic rpg.exe.embed.manifest
c:\users\max\documents\college\4 fall quarter 2011\ece 114\generic rpg\generic rpg\debug\generic rpg.exe.embed.manifest.res
c:\users\max\downloads\generic rpg\generic rpg\generic rpg\debug\vc142.pdb
c:\users\max\downloads\generic rpg\generic rpg\generic rpg\debug\vc142.idb
c:\users\max\downloads\generic rpg\generic rpg\generic rpg\debug\weapon.obj
c:\users\max\downloads\generic rpg\generic rpg\generic rpg\debug\main.obj
c:\users\max\downloads\generic rpg\generic rpg\generic rpg\debug\inventory.obj
c:\users\max\downloads\generic rpg\generic rpg\generic rpg\debug\gotohealer.obj
c:\users\max\downloads\generic rpg\generic rpg\generic rpg\debug\error text.obj
c:\users\max\downloads\generic rpg\generic rpg\generic rpg\debug\create enemy.obj
c:\users\max\downloads\generic rpg\generic rpg\generic rpg\debug\beingclass.obj
c:\users\max\downloads\generic rpg\generic rpg\generic rpg\debug\battle.obj
c:\users\max\downloads\generic rpg\generic rpg\generic rpg\debug\generic rpg.ilk
c:\users\max\downloads\generic rpg\generic rpg\debug\generic rpg.exe
c:\users\max\downloads\generic rpg\generic rpg\debug\generic rpg.pdb
c:\users\max\downloads\generic rpg\generic rpg\generic rpg\debug\healer.obj
c:\users\max\downloads\generic rpg\generic rpg\generic rpg\debug\useitem.obj
c:\users\max\downloads\generic rpg\generic rpg\generic rpg\debug\cl.command.1.tlog
c:\users\max\downloads\generic rpg\generic rpg\generic rpg\debug\cl.read.1.tlog
c:\users\max\downloads\generic rpg\generic rpg\generic rpg\debug\cl.write.1.tlog
c:\users\max\downloads\generic rpg\generic rpg\generic rpg\debug\link-cvtres.read.1.tlog
c:\users\max\downloads\generic rpg\generic rpg\generic rpg\debug\link-cvtres.write.1.tlog
c:\users\max\downloads\generic rpg\generic rpg\generic rpg\debug\link.2400-cvtres.read.1.tlog
c:\users\max\downloads\generic rpg\generic rpg\generic rpg\debug\link.2400-cvtres.write.1.tlog
c:\users\max\downloads\generic rpg\generic rpg\generic rpg\debug\link.2400.read.1.tlog
c:\users\max\downloads\generic rpg\generic rpg\generic rpg\debug\link.2400.write.1.tlog
c:\users\max\downloads\generic rpg\generic rpg\generic rpg\debug\link.3156-cvtres.read.1.tlog
c:\users\max\downloads\generic rpg\generic rpg\generic rpg\debug\link.3156-cvtres.write.1.tlog
c:\users\max\downloads\generic rpg\generic rpg\generic rpg\debug\link.3156.read.1.tlog
c:\users\max\downloads\generic rpg\generic rpg\generic rpg\debug\link.3156.write.1.tlog
c:\users\max\downloads\generic rpg\generic rpg\generic rpg\debug\link.3612-cvtres.read.1.tlog
c:\users\max\downloads\generic rpg\generic rpg\generic rpg\debug\link.3612-cvtres.write.1.tlog
c:\users\max\downloads\generic rpg\generic rpg\generic rpg\debug\link.3612.read.1.tlog
c:\users\max\downloads\generic rpg\generic rpg\generic rpg\debug\link.3612.write.1.tlog
c:\users\max\downloads\generic rpg\generic rpg\generic rpg\debug\link.4204-cvtres.read.1.tlog
c:\users\max\downloads\generic rpg\generic rpg\generic rpg\debug\link.4204-cvtres.write.1.tlog
c:\users\max\downloads\generic rpg\generic rpg\generic rpg\debug\link.4204.read.1.tlog
c:\users\max\downloads\generic rpg\generic rpg\generic rpg\debug\link.4204.write.1.tlog
c:\users\max\downloads\generic rpg\generic rpg\generic rpg\debug\link.5308-cvtres.read.1.tlog
c:\users\max\downloads\generic rpg\generic rpg\generic rpg\debug\link.5308-cvtres.write.1.tlog
c:\users\max\downloads\generic rpg\generic rpg\generic rpg\debug\link.5308.read.1.tlog
c:\users\max\downloads\generic rpg\generic rpg\generic rpg\debug\link.5308.write.1.tlog
c:\users\max\downloads\generic rpg\generic rpg\generic rpg\debug\link.5476-cvtres.read.1.tlog
c:\users\max\downloads\generic rpg\generic rpg\generic rpg\debug\link.5476-cvtres.write.1.tlog
c:\users\max\downloads\generic rpg\generic rpg\generic rpg\debug\link.5476.read.1.tlog
c:\users\max\downloads\generic rpg\generic rpg\generic rpg\debug\link.5476.write.1.tlog
c:\users\max\downloads\generic rpg\generic rpg\generic rpg\debug\link.5612-cvtres.read.1.tlog
c:\users\max\downloads\generic rpg\generic rpg\generic rpg\debug\link.5612-cvtres.write.1.tlog
c:\users\max\downloads\generic rpg\generic rpg\generic rpg\debug\link.5612.read.1.tlog
c:\users\max\downloads\generic rpg\generic rpg\generic rpg\debug\link.5612.write.1.tlog
c:\users\max\downloads\generic rpg\generic rpg\generic rpg\debug\link.5752-cvtres.read.1.tlog
c:\users\max\downloads\generic rpg\generic rpg\generic rpg\debug\link.5752-cvtres.write.1.tlog
c:\users\max\downloads\generic rpg\generic rpg\generic rpg\debug\link.5752.read.1.tlog
c:\users\max\downloads\generic rpg\generic rpg\generic rpg\debug\link.5752.write.1.tlog
c:\users\max\downloads\generic rpg\generic rpg\generic rpg\debug\link.5928-cvtres.read.1.tlog
c:\users\max\downloads\generic rpg\generic rpg\generic rpg\debug\link.5928-cvtres.write.1.tlog
c:\users\max\downloads\generic rpg\generic rpg\generic rpg\debug\link.5928.read.1.tlog
c:\users\max\downloads\generic rpg\generic rpg\generic rpg\debug\link.5928.write.1.tlog
c:\users\max\downloads\generic rpg\generic rpg\generic rpg\debug\link.6092-cvtres.read.1.tlog
c:\users\max\downloads\generic rpg\generic rpg\generic rpg\debug\link.6092-cvtres.write.1.tlog
c:\users\max\downloads\generic rpg\generic rpg\generic rpg\debug\link.6092.read.1.tlog
c:\users\max\downloads\generic rpg\generic rpg\generic rpg\debug\link.6092.write.1.tlog
c:\users\max\downloads\generic rpg\generic rpg\generic rpg\debug\link.6260-cvtres.read.1.tlog
c:\users\max\downloads\generic rpg\generic rpg\generic rpg\debug\link.6260-cvtres.write.1.tlog
c:\users\max\downloads\generic rpg\generic rpg\generic rpg\debug\link.6260.read.1.tlog
c:\users\max\downloads\generic rpg\generic rpg\generic rpg\debug\link.6260.write.1.tlog
c:\users\max\downloads\generic rpg\generic rpg\generic rpg\debug\link.6268-cvtres.read.1.tlog
c:\users\max\downloads\generic rpg\generic rpg\generic rpg\debug\link.6268-cvtres.write.1.tlog
c:\users\max\downloads\generic rpg\generic rpg\generic rpg\debug\link.6268.read.1.tlog
c:\users\max\downloads\generic rpg\generic rpg\generic rpg\debug\link.6268.write.1.tlog
c:\users\max\downloads\generic rpg\generic rpg\generic rpg\debug\link.6424-cvtres.read.1.tlog
c:\users\max\downloads\generic rpg\generic rpg\generic rpg\debug\link.6424-cvtres.write.1.tlog
c:\users\max\downloads\generic rpg\generic rpg\generic rpg\debug\link.6424.read.1.tlog
c:\users\max\downloads\generic rpg\generic rpg\generic rpg\debug\link.6424.write.1.tlog
c:\users\max\downloads\generic rpg\generic rpg\generic rpg\debug\link.6528-cvtres.read.1.tlog
c:\users\max\downloads\generic rpg\generic rpg\generic rpg\debug\link.6528-cvtres.write.1.tlog
c:\users\max\downloads\generic rpg\generic rpg\generic rpg\debug\link.6528.read.1.tlog
c:\users\max\downloads\generic rpg\generic rpg\generic rpg\debug\link.6528.write.1.tlog
c:\users\max\downloads\generic rpg\generic rpg\generic rpg\debug\link.6576-cvtres.read.1.tlog
c:\users\max\downloads\generic rpg\generic rpg\generic rpg\debug\link.6576-cvtres.write.1.tlog
c:\users\max\downloads\generic rpg\generic rpg\generic rpg\debug\link.6576.read.1.tlog
c:\users\max\downloads\generic rpg\generic rpg\generic rpg\debug\link.6576.write.1.tlog
c:\users\max\downloads\generic rpg\generic rpg\generic rpg\debug\link.6916-cvtres.read.1.tlog
c:\users\max\downloads\generic rpg\generic rpg\generic rpg\debug\link.6916-cvtres.write.1.tlog
c:\users\max\downloads\generic rpg\generic rpg\generic rpg\debug\link.6916.read.1.tlog
c:\users\max\downloads\generic rpg\generic rpg\generic rpg\debug\link.6916.write.1.tlog
c:\users\max\downloads\generic rpg\generic rpg\generic rpg\debug\link.7104-cvtres.read.1.tlog
c:\users\max\downloads\generic rpg\generic rpg\generic rpg\debug\link.7104-cvtres.write.1.tlog
c:\users\max\downloads\generic rpg\generic rpg\generic rpg\debug\link.7104.read.1.tlog
c:\users\max\downloads\generic rpg\generic rpg\generic rpg\debug\link.7104.write.1.tlog
c:\users\max\downloads\generic rpg\generic rpg\generic rpg\debug\link.7476-cvtres.read.1.tlog
c:\users\max\downloads\generic rpg\generic rpg\generic rpg\debug\link.7476-cvtres.write.1.tlog
c:\users\max\downloads\generic rpg\generic rpg\generic rpg\debug\link.7476.read.1.tlog
c:\users\max\downloads\generic rpg\generic rpg\generic rpg\debug\link.7476.write.1.tlog
c:\users\max\downloads\generic rpg\generic rpg\generic rpg\debug\link.7884-cvtres.read.1.tlog
c:\users\max\downloads\generic rpg\generic rpg\generic rpg\debug\link.7884-cvtres.write.1.tlog
c:\users\max\downloads\generic rpg\generic rpg\generic rpg\debug\link.7884.read.1.tlog
c:\users\max\downloads\generic rpg\generic rpg\generic rpg\debug\link.7884.write.1.tlog
c:\users\max\downloads\generic rpg\generic rpg\generic rpg\debug\link.8096-cvtres.read.1.tlog
c:\users\max\downloads\generic rpg\generic rpg\generic rpg\debug\link.8096-cvtres.write.1.tlog
c:\users\max\downloads\generic rpg\generic rpg\generic rpg\debug\link.8096.read.1.tlog
c:\users\max\downloads\generic rpg\generic rpg\generic rpg\debug\link.8096.write.1.tlog
c:\users\max\downloads\generic rpg\generic rpg\generic rpg\debug\link.8168-cvtres.read.1.tlog
c:\users\max\downloads\generic rpg\generic rpg\generic rpg\debug\link.8168-cvtres.write.1.tlog
c:\users\max\downloads\generic rpg\generic rpg\generic rpg\debug\link.8168.read.1.tlog
c:\users\max\downloads\generic rpg\generic rpg\generic rpg\debug\link.8168.write.1.tlog
c:\users\max\downloads\generic rpg\generic rpg\generic rpg\debug\link.8604-cvtres.read.1.tlog
c:\users\max\downloads\generic rpg\generic rpg\generic rpg\debug\link.8604-cvtres.write.1.tlog
c:\users\max\downloads\generic rpg\generic rpg\generic rpg\debug\link.8604.read.1.tlog
c:\users\max\downloads\generic rpg\generic rpg\generic rpg\debug\link.8604.write.1.tlog
c:\users\max\downloads\generic rpg\generic rpg\generic rpg\debug\link.command.1.tlog
c:\users\max\downloads\generic rpg\generic rpg\generic rpg\debug\link.read.1.tlog
c:\users\max\downloads\generic rpg\generic rpg\generic rpg\debug\link.write.1.tlog
c:\users\max\downloads\generic rpg\generic rpg\generic rpg\debug\mt.command.1.tlog
c:\users\max\downloads\generic rpg\generic rpg\generic rpg\debug\mt.read.1.tlog
c:\users\max\downloads\generic rpg\generic rpg\generic rpg\debug\mt.write.1.tlog
c:\users\max\downloads\generic rpg\generic rpg\generic rpg\debug\rc.command.1.tlog
c:\users\max\downloads\generic rpg\generic rpg\generic rpg\debug\rc.read.1.tlog
c:\users\max\downloads\generic rpg\generic rpg\generic rpg\debug\rc.write.1.tlog
c:\users\max\downloads\generic rpg\generic rpg\generic rpg\debug\generic rpg.exe.embed.manifest
c:\users\max\downloads\generic rpg\generic rpg\generic rpg\debug\generic rpg.exe.intermediate.manifest
c:\users\max\downloads\generic rpg\generic rpg\generic rpg\debug\generic rpg.exe.embed.manifest.res
c:\users\max\downloads\generic rpg\generic rpg\generic rpg\debug\vc100.idb
c:\users\max\downloads\generic rpg\generic rpg\generic rpg\debug\vc100.pdb
c:\users\max\downloads\generic rpg\generic rpg\generic rpg\debug\generic rpg_manifest.rc
c:\users\max\downloads\generic rpg\generic rpg\generic rpg\debug\generic rpg.tlog\cl.command.1.tlog
c:\users\max\downloads\generic rpg\generic rpg\generic rpg\debug\generic rpg.tlog\cl.read.1.tlog
c:\users\max\downloads\generic rpg\generic rpg\generic rpg\debug\generic rpg.tlog\cl.write.1.tlog
c:\users\max\downloads\generic rpg\generic rpg\generic rpg\debug\generic rpg.tlog\link.command.1.tlog
c:\users\max\downloads\generic rpg\generic rpg\generic rpg\debug\generic rpg.tlog\link.read.1.tlog
c:\users\max\downloads\generic rpg\generic rpg\generic rpg\debug\generic rpg.tlog\link.write.1.tlog
